<?xml version="1.0" encoding="UTF-8"?>
<testsuites>
  <testsuite name="/home/jean-marc-strauven/Dev/laravel-arc/phpunit.xml" tests="153" assertions="257" errors="0" failures="0" skipped="0" time="3.380802">
    <testsuite name="Unit" tests="146" assertions="231" errors="0" failures="0" skipped="0" time="3.223236">
      <testsuite name="Tests\Unit\Option\SoftDeletesOptionGeneratorTest" file="tests/Unit/Option/SoftDeletesOptionGeneratorTest.php" tests="2" assertions="2" errors="0" failures="0" skipped="0" time="0.110456">
        <testcase name="`SoftDeletesOptionGenerator` → it returns code when enabled" file="tests/Unit/Option/SoftDeletesOptionGeneratorTest.php::`SoftDeletesOptionGenerator` → it returns code when enabled" class="Tests\Unit\Option\SoftDeletesOptionGeneratorTest" classname="Tests.Unit.Option.SoftDeletesOptionGeneratorTest" assertions="1" time="0.094467"/>
        <testcase name="`SoftDeletesOptionGenerator` → it returns null when disabled" file="tests/Unit/Option/SoftDeletesOptionGeneratorTest.php::`SoftDeletesOptionGenerator` → it returns null when disabled" class="Tests\Unit\Option\SoftDeletesOptionGeneratorTest" classname="Tests.Unit.Option.SoftDeletesOptionGeneratorTest" assertions="1" time="0.015989"/>
      </testsuite>
      <testsuite name="Tests\Unit\Field\BooleanFieldGeneratorTest" file="tests/Unit/Field/BooleanFieldGeneratorTest.php" tests="1" assertions="5" errors="0" failures="0" skipped="0" time="0.028627">
        <testcase name="`BooleanFieldGenerator` → it generates boolean fields correctly" file="tests/Unit/Field/BooleanFieldGeneratorTest.php::`BooleanFieldGenerator` → it generates boolean fields correctly" class="Tests\Unit\Field\BooleanFieldGeneratorTest" classname="Tests.Unit.Field.BooleanFieldGeneratorTest" assertions="5" time="0.028627"/>
      </testsuite>
      <testsuite name="Tests\Unit\Header\TableHeaderGeneratorTest" file="tests/Unit/Header/TableHeaderGeneratorTest.php" tests="2" assertions="2" errors="0" failures="0" skipped="0" time="0.038626">
        <testcase name="`TableHeaderGenerator` → it returns null if table header is missing" file="tests/Unit/Header/TableHeaderGeneratorTest.php::`TableHeaderGenerator` → it returns null if table header is missing" class="Tests\Unit\Header\TableHeaderGeneratorTest" classname="Tests.Unit.Header.TableHeaderGeneratorTest" assertions="1" time="0.020838"/>
        <testcase name="`TableHeaderGenerator` → it generates table annotation from table header" file="tests/Unit/Header/TableHeaderGeneratorTest.php::`TableHeaderGenerator` → it generates table annotation from table header" class="Tests\Unit\Header\TableHeaderGeneratorTest" classname="Tests.Unit.Header.TableHeaderGeneratorTest" assertions="1" time="0.017788"/>
      </testsuite>
      <testsuite name="Tests\Unit\Validator\FloatValidatorGeneratorTest" file="tests/Unit/Validator/FloatValidatorGeneratorTest.php" tests="3" assertions="4" errors="0" failures="0" skipped="0" time="0.058498">
        <testcase name="`FloatValidatorGenerator` → it generates numeric rule with required and custom rules" file="tests/Unit/Validator/FloatValidatorGeneratorTest.php::`FloatValidatorGenerator` → it generates numeric rule with required and custom rules" class="Tests\Unit\Validator\FloatValidatorGeneratorTest" classname="Tests.Unit.Validator.FloatValidatorGeneratorTest" assertions="1" time="0.022573"/>
        <testcase name="`FloatValidatorGenerator` → it supports float type" file="tests/Unit/Validator/FloatValidatorGeneratorTest.php::`FloatValidatorGenerator` → it supports float type" class="Tests\Unit\Validator\FloatValidatorGeneratorTest" classname="Tests.Unit.Validator.FloatValidatorGeneratorTest" assertions="2" time="0.019370"/>
        <testcase name="`FloatValidatorGenerator` → it returns only numeric rule when no extras given" file="tests/Unit/Validator/FloatValidatorGeneratorTest.php::`FloatValidatorGenerator` → it returns only numeric rule when no extras given" class="Tests\Unit\Validator\FloatValidatorGeneratorTest" classname="Tests.Unit.Validator.FloatValidatorGeneratorTest" assertions="1" time="0.016555"/>
      </testsuite>
      <testsuite name="Tests\Unit\Field\FloatFieldGeneratorTest" file="tests/Unit/Field/FloatFieldGeneratorTest.php" tests="1" assertions="6" errors="0" failures="0" skipped="0" time="0.027208">
        <testcase name="`FloatFieldGenerator` → it generates float fields correctly" file="tests/Unit/Field/FloatFieldGeneratorTest.php::`FloatFieldGenerator` → it generates float fields correctly" class="Tests\Unit\Field\FloatFieldGeneratorTest" classname="Tests.Unit.Field.FloatFieldGeneratorTest" assertions="6" time="0.027208"/>
      </testsuite>
      <testsuite name="Tests\Unit\Console\DtoDefinitionInitCommandTest" file="tests/Unit/Console/DtoDefinitionInitCommandTest.php" tests="6" assertions="8" errors="0" failures="0" skipped="0" time="0.143724">
        <testcase name="`DtoDefinitionInitCommand` → it overwrites file when force option is used" file="tests/Unit/Console/DtoDefinitionInitCommandTest.php::`DtoDefinitionInitCommand` → it overwrites file when force option is used" class="Tests\Unit\Console\DtoDefinitionInitCommandTest" classname="Tests.Unit.Console.DtoDefinitionInitCommandTest" assertions="1" time="0.049259"/>
        <testcase name="`DtoDefinitionInitCommand` → it fails when model option is missing" file="tests/Unit/Console/DtoDefinitionInitCommandTest.php::`DtoDefinitionInitCommand` → it fails when model option is missing" class="Tests\Unit\Console\DtoDefinitionInitCommandTest" classname="Tests.Unit.Console.DtoDefinitionInitCommandTest" assertions="1" time="0.018155"/>
        <testcase name="`DtoDefinitionInitCommand` → it fails when file exists without force option" file="tests/Unit/Console/DtoDefinitionInitCommandTest.php::`DtoDefinitionInitCommand` → it fails when file exists without force option" class="Tests\Unit\Console\DtoDefinitionInitCommandTest" classname="Tests.Unit.Console.DtoDefinitionInitCommandTest" assertions="1" time="0.018588"/>
        <testcase name="`DtoDefinitionInitCommand` → it creates yaml file with custom path" file="tests/Unit/Console/DtoDefinitionInitCommandTest.php::`DtoDefinitionInitCommand` → it creates yaml file with custom path" class="Tests\Unit\Console\DtoDefinitionInitCommandTest" classname="Tests.Unit.Console.DtoDefinitionInitCommandTest" assertions="2" time="0.019075"/>
        <testcase name="`DtoDefinitionInitCommand` → it creates yaml file with default path when no path option is provided" file="tests/Unit/Console/DtoDefinitionInitCommandTest.php::`DtoDefinitionInitCommand` → it creates yaml file with default path when no path option is provided" class="Tests\Unit\Console\DtoDefinitionInitCommandTest" classname="Tests.Unit.Console.DtoDefinitionInitCommandTest" assertions="2" time="0.019603"/>
        <testcase name="`DtoDefinitionInitCommand` → it fails when table option is missing" file="tests/Unit/Console/DtoDefinitionInitCommandTest.php::`DtoDefinitionInitCommand` → it fails when table option is missing" class="Tests\Unit\Console\DtoDefinitionInitCommandTest" classname="Tests.Unit.Console.DtoDefinitionInitCommandTest" assertions="1" time="0.019043"/>
      </testsuite>
      <testsuite name="Tests\Unit\Option\TimestampsOptionGeneratorTest" file="tests/Unit/Option/TimestampsOptionGeneratorTest.php" tests="2" assertions="2" errors="0" failures="0" skipped="0" time="0.056409">
        <testcase name="`TimestampsOptionGenerator` → it returns code when enabled" file="tests/Unit/Option/TimestampsOptionGeneratorTest.php::`TimestampsOptionGenerator` → it returns code when enabled" class="Tests\Unit\Option\TimestampsOptionGeneratorTest" classname="Tests.Unit.Option.TimestampsOptionGeneratorTest" assertions="1" time="0.031548"/>
        <testcase name="`TimestampsOptionGenerator` → it returns null when disabled" file="tests/Unit/Option/TimestampsOptionGeneratorTest.php::`TimestampsOptionGenerator` → it returns null when disabled" class="Tests\Unit\Option\TimestampsOptionGeneratorTest" classname="Tests.Unit.Option.TimestampsOptionGeneratorTest" assertions="1" time="0.024861"/>
      </testsuite>
      <testsuite name="Tests\Unit\Generator\DtoGenerationContextTest" file="tests/Unit/Generator/DtoGenerationContextTest.php" tests="4" assertions="4" errors="0" failures="0" skipped="0" time="0.081906">
        <testcase name="`DtoGenerationContext` → it returns a ValidatorGeneratorRegistry" file="tests/Unit/Generator/DtoGenerationContextTest.php::`DtoGenerationContext` → it returns a ValidatorGeneratorRegistry" class="Tests\Unit\Generator\DtoGenerationContextTest" classname="Tests.Unit.Generator.DtoGenerationContextTest" assertions="1" time="0.022310"/>
        <testcase name="`DtoGenerationContext` → it returns a RelationGeneratorRegistry" file="tests/Unit/Generator/DtoGenerationContextTest.php::`DtoGenerationContext` → it returns a RelationGeneratorRegistry" class="Tests\Unit\Generator\DtoGenerationContextTest" classname="Tests.Unit.Generator.DtoGenerationContextTest" assertions="1" time="0.024778"/>
        <testcase name="`DtoGenerationContext` → it returns a HeaderGeneratorRegistry" file="tests/Unit/Generator/DtoGenerationContextTest.php::`DtoGenerationContext` → it returns a HeaderGeneratorRegistry" class="Tests\Unit\Generator\DtoGenerationContextTest" classname="Tests.Unit.Generator.DtoGenerationContextTest" assertions="1" time="0.017502"/>
        <testcase name="`DtoGenerationContext` → it returns a FieldGeneratorRegistry" file="tests/Unit/Generator/DtoGenerationContextTest.php::`DtoGenerationContext` → it returns a FieldGeneratorRegistry" class="Tests\Unit\Generator\DtoGenerationContextTest" classname="Tests.Unit.Generator.DtoGenerationContextTest" assertions="1" time="0.017316"/>
      </testsuite>
      <testsuite name="Tests\Unit\Validator\DateTimeValidatorGeneratorTest" file="tests/Unit/Validator/DateTimeValidatorGeneratorTest.php" tests="3" assertions="6" errors="0" failures="0" skipped="0" time="0.062602">
        <testcase name="`DateTimeValidatorGenerator` → it generates date rule with required" file="tests/Unit/Validator/DateTimeValidatorGeneratorTest.php::`DateTimeValidatorGenerator` → it generates date rule with required" class="Tests\Unit\Validator\DateTimeValidatorGeneratorTest" classname="Tests.Unit.Validator.DateTimeValidatorGeneratorTest" assertions="1" time="0.029680"/>
        <testcase name="`DateTimeValidatorGenerator` → it returns only date rule when no extras given" file="tests/Unit/Validator/DateTimeValidatorGeneratorTest.php::`DateTimeValidatorGenerator` → it returns only date rule when no extras given" class="Tests\Unit\Validator\DateTimeValidatorGeneratorTest" classname="Tests.Unit.Validator.DateTimeValidatorGeneratorTest" assertions="1" time="0.016611"/>
        <testcase name="`DateTimeValidatorGenerator` → it supports datetime/date/time types" file="tests/Unit/Validator/DateTimeValidatorGeneratorTest.php::`DateTimeValidatorGenerator` → it supports datetime/date/time types" class="Tests\Unit\Validator\DateTimeValidatorGeneratorTest" classname="Tests.Unit.Validator.DateTimeValidatorGeneratorTest" assertions="4" time="0.016311"/>
      </testsuite>
      <testsuite name="Tests\Unit\Field\DecimalFieldGeneratorTest" file="tests/Unit/Field/DecimalFieldGeneratorTest.php" tests="1" assertions="4" errors="0" failures="0" skipped="0" time="0.027754">
        <testcase name="`DecimalFieldGenerator` → it generates decimal fields correctly" file="tests/Unit/Field/DecimalFieldGeneratorTest.php::`DecimalFieldGenerator` → it generates decimal fields correctly" class="Tests\Unit\Field\DecimalFieldGeneratorTest" classname="Tests.Unit.Field.DecimalFieldGeneratorTest" assertions="4" time="0.027754"/>
      </testsuite>
      <testsuite name="Tests\Unit\Validator\BooleanValidatorGeneratorTest" file="tests/Unit/Validator/BooleanValidatorGeneratorTest.php" tests="3" assertions="4" errors="0" failures="0" skipped="0" time="0.057804">
        <testcase name="`BooleanValidatorGenerator` → it generates boolean rule with required" file="tests/Unit/Validator/BooleanValidatorGeneratorTest.php::`BooleanValidatorGenerator` → it generates boolean rule with required" class="Tests\Unit\Validator\BooleanValidatorGeneratorTest" classname="Tests.Unit.Validator.BooleanValidatorGeneratorTest" assertions="1" time="0.020224"/>
        <testcase name="`BooleanValidatorGenerator` → it supports boolean type" file="tests/Unit/Validator/BooleanValidatorGeneratorTest.php::`BooleanValidatorGenerator` → it supports boolean type" class="Tests\Unit\Validator\BooleanValidatorGeneratorTest" classname="Tests.Unit.Validator.BooleanValidatorGeneratorTest" assertions="2" time="0.020656"/>
        <testcase name="`BooleanValidatorGenerator` → it returns only boolean rule when no extras given" file="tests/Unit/Validator/BooleanValidatorGeneratorTest.php::`BooleanValidatorGenerator` → it returns only boolean rule when no extras given" class="Tests\Unit\Validator\BooleanValidatorGeneratorTest" classname="Tests.Unit.Validator.BooleanValidatorGeneratorTest" assertions="1" time="0.016924"/>
      </testsuite>
      <testsuite name="Tests\Unit\Generator\DtoGeneratorTest" file="tests/Unit/Generator/DtoGeneratorTest.php" tests="1" assertions="1" errors="0" failures="0" skipped="0" time="0.047955">
        <testcase name="`DtoGenerator` → it can be instantiated with ::make()" file="tests/Unit/Generator/DtoGeneratorTest.php::`DtoGenerator` → it can be instantiated with ::make()" class="Tests\Unit\Generator\DtoGeneratorTest" classname="Tests.Unit.Generator.DtoGeneratorTest" assertions="1" time="0.047955"/>
      </testsuite>
      <testsuite name="Tests\Unit\Field\ArrayFieldGeneratorTest" file="tests/Unit/Field/ArrayFieldGeneratorTest.php" tests="3" assertions="5" errors="0" failures="0" skipped="0" time="0.058070">
        <testcase name="`ArrayFieldGenerator` → it supports array type" file="tests/Unit/Field/ArrayFieldGeneratorTest.php::`ArrayFieldGenerator` → it supports array type" class="Tests\Unit\Field\ArrayFieldGeneratorTest" classname="Tests.Unit.Field.ArrayFieldGeneratorTest" assertions="2" time="0.024845"/>
        <testcase name="`ArrayFieldGenerator` → it generates array field with default value" file="tests/Unit/Field/ArrayFieldGeneratorTest.php::`ArrayFieldGenerator` → it generates array field with default value" class="Tests\Unit\Field\ArrayFieldGeneratorTest" classname="Tests.Unit.Field.ArrayFieldGeneratorTest" assertions="2" time="0.016749"/>
        <testcase name="`ArrayFieldGenerator` → it generates nullable array field with null default" file="tests/Unit/Field/ArrayFieldGeneratorTest.php::`ArrayFieldGenerator` → it generates nullable array field with null default" class="Tests\Unit\Field\ArrayFieldGeneratorTest" classname="Tests.Unit.Field.ArrayFieldGeneratorTest" assertions="1" time="0.016476"/>
      </testsuite>
      <testsuite name="Tests\Unit\Relation\HasManyRelationGeneratorTest" file="tests/Unit/Relation/HasManyRelationGeneratorTest.php" tests="2" assertions="4" errors="0" failures="0" skipped="0" time="0.044063">
        <testcase name="`HasManyRelationGenerator` → it generates a hasMany relation with full dto class" file="tests/Unit/Relation/HasManyRelationGeneratorTest.php::`HasManyRelationGenerator` → it generates a hasMany relation with full dto class" class="Tests\Unit\Relation\HasManyRelationGeneratorTest" classname="Tests.Unit.Relation.HasManyRelationGeneratorTest" assertions="2" time="0.027527"/>
        <testcase name="`HasManyRelationGenerator` → it generates a hasMany relation with simple dto name" file="tests/Unit/Relation/HasManyRelationGeneratorTest.php::`HasManyRelationGenerator` → it generates a hasMany relation with simple dto name" class="Tests\Unit\Relation\HasManyRelationGeneratorTest" classname="Tests.Unit.Relation.HasManyRelationGeneratorTest" assertions="2" time="0.016536"/>
      </testsuite>
      <testsuite name="Tests\Unit\Support\DtoNamespaceResolverTest" file="tests/Unit/Support/DtoNamespaceResolverTest.php" tests="3" assertions="3" errors="0" failures="0" skipped="0" time="0.059401">
        <testcase name="`DtoNamespaceResolver` → it builds FQCN from config namespace and simple dto name" file="tests/Unit/Support/DtoNamespaceResolverTest.php::`DtoNamespaceResolver` → it builds FQCN from config namespace and simple dto name" class="Tests\Unit\Support\DtoNamespaceResolverTest" classname="Tests.Unit.Support.DtoNamespaceResolverTest" assertions="1" time="0.026673"/>
        <testcase name="`DtoNamespaceResolver` → it handles trailing backslash in config namespace" file="tests/Unit/Support/DtoNamespaceResolverTest.php::`DtoNamespaceResolver` → it handles trailing backslash in config namespace" class="Tests\Unit\Support\DtoNamespaceResolverTest" classname="Tests.Unit.Support.DtoNamespaceResolverTest" assertions="1" time="0.016588"/>
        <testcase name="`DtoNamespaceResolver` → it returns FQCN if dto name contains backslash" file="tests/Unit/Support/DtoNamespaceResolverTest.php::`DtoNamespaceResolver` → it returns FQCN if dto name contains backslash" class="Tests\Unit\Support\DtoNamespaceResolverTest" classname="Tests.Unit.Support.DtoNamespaceResolverTest" assertions="1" time="0.016141"/>
      </testsuite>
      <testsuite name="Tests\Unit\Field\EnumFieldGeneratorTest" file="tests/Unit/Field/EnumFieldGeneratorTest.php" tests="3" assertions="5" errors="0" failures="0" skipped="0" time="0.060518">
        <testcase name="`EnumFieldGenerator` → it supports enum type" file="tests/Unit/Field/EnumFieldGeneratorTest.php::`EnumFieldGenerator` → it supports enum type" class="Tests\Unit\Field\EnumFieldGeneratorTest" classname="Tests.Unit.Field.EnumFieldGeneratorTest" assertions="2" time="0.027505"/>
        <testcase name="`EnumFieldGenerator` → it generates enum field with default value" file="tests/Unit/Field/EnumFieldGeneratorTest.php::`EnumFieldGenerator` → it generates enum field with default value" class="Tests\Unit\Field\EnumFieldGeneratorTest" classname="Tests.Unit.Field.EnumFieldGeneratorTest" assertions="2" time="0.016497"/>
        <testcase name="`EnumFieldGenerator` → it generates nullable enum field with null default" file="tests/Unit/Field/EnumFieldGeneratorTest.php::`EnumFieldGenerator` → it generates nullable enum field with null default" class="Tests\Unit\Field\EnumFieldGeneratorTest" classname="Tests.Unit.Field.EnumFieldGeneratorTest" assertions="1" time="0.016515"/>
      </testsuite>
      <testsuite name="Tests\Unit\Generator\FieldGeneratorRegistryTest" file="tests/Unit/Generator/FieldGeneratorRegistryTest.php" tests="9" assertions="11" errors="0" failures="0" skipped="0" time="0.175880">
        <testcase name="`FieldGeneratorRegistry` → it calls the correct generator for a decimal field" file="tests/Unit/Generator/FieldGeneratorRegistryTest.php::`FieldGeneratorRegistry` → it calls the correct generator for a decimal field" class="Tests\Unit\Generator\FieldGeneratorRegistryTest" classname="Tests.Unit.Generator.FieldGeneratorRegistryTest" assertions="1" time="0.030900"/>
        <testcase name="`FieldGeneratorRegistry` → it calls the correct generator for a string field" file="tests/Unit/Generator/FieldGeneratorRegistryTest.php::`FieldGeneratorRegistry` → it calls the correct generator for a string field" class="Tests\Unit\Generator\FieldGeneratorRegistryTest" classname="Tests.Unit.Generator.FieldGeneratorRegistryTest" assertions="1" time="0.022333"/>
        <testcase name="`FieldGeneratorRegistry` → it calls the correct generator for an integer field" file="tests/Unit/Generator/FieldGeneratorRegistryTest.php::`FieldGeneratorRegistry` → it calls the correct generator for an integer field" class="Tests\Unit\Generator\FieldGeneratorRegistryTest" classname="Tests.Unit.Generator.FieldGeneratorRegistryTest" assertions="1" time="0.016414"/>
        <testcase name="`FieldGeneratorRegistry` → it accepts valid generators" file="tests/Unit/Generator/FieldGeneratorRegistryTest.php::`FieldGeneratorRegistry` → it accepts valid generators" class="Tests\Unit\Generator\FieldGeneratorRegistryTest" classname="Tests.Unit.Generator.FieldGeneratorRegistryTest" assertions="1" time="0.017342"/>
        <testcase name="`FieldGeneratorRegistry` → it calls the correct generator for a double field" file="tests/Unit/Generator/FieldGeneratorRegistryTest.php::`FieldGeneratorRegistry` → it calls the correct generator for a double field" class="Tests\Unit\Generator\FieldGeneratorRegistryTest" classname="Tests.Unit.Generator.FieldGeneratorRegistryTest" assertions="1" time="0.018187"/>
        <testcase name="`FieldGeneratorRegistry` → it throws exception when invalid generator is provided" file="tests/Unit/Generator/FieldGeneratorRegistryTest.php::`FieldGeneratorRegistry` → it throws exception when invalid generator is provided" class="Tests\Unit\Generator\FieldGeneratorRegistryTest" classname="Tests.Unit.Generator.FieldGeneratorRegistryTest" assertions="2" time="0.017452"/>
        <testcase name="`FieldGeneratorRegistry` → it calls the correct generator for a float field" file="tests/Unit/Generator/FieldGeneratorRegistryTest.php::`FieldGeneratorRegistry` → it calls the correct generator for a float field" class="Tests\Unit\Generator\FieldGeneratorRegistryTest" classname="Tests.Unit.Generator.FieldGeneratorRegistryTest" assertions="1" time="0.017120"/>
        <testcase name="`FieldGeneratorRegistry` → it throws if no generator supports the field type" file="tests/Unit/Generator/FieldGeneratorRegistryTest.php::`FieldGeneratorRegistry` → it throws if no generator supports the field type" class="Tests\Unit\Generator\FieldGeneratorRegistryTest" classname="Tests.Unit.Generator.FieldGeneratorRegistryTest" assertions="2" time="0.018871"/>
        <testcase name="`FieldGeneratorRegistry` → it calls the correct generator for a boolean field" file="tests/Unit/Generator/FieldGeneratorRegistryTest.php::`FieldGeneratorRegistry` → it calls the correct generator for a boolean field" class="Tests\Unit\Generator\FieldGeneratorRegistryTest" classname="Tests.Unit.Generator.FieldGeneratorRegistryTest" assertions="1" time="0.017260"/>
      </testsuite>
      <testsuite name="Tests\Unit\Support\FieldBuilderTest" file="tests/Unit/Support/FieldBuilderTest.php" tests="5" assertions="5" errors="0" failures="0" skipped="0" time="0.108867">
        <testcase name="`FieldBuilder` → it generates nullable integer without default" file="tests/Unit/Support/FieldBuilderTest.php::`FieldBuilder` → it generates nullable integer without default" class="Tests\Unit\Support\FieldBuilderTest" classname="Tests.Unit.Support.FieldBuilderTest" assertions="1" time="0.034735"/>
        <testcase name="`FieldBuilder` → it generates boolean with false default" file="tests/Unit/Support/FieldBuilderTest.php::`FieldBuilder` → it generates boolean with false default" class="Tests\Unit\Support\FieldBuilderTest" classname="Tests.Unit.Support.FieldBuilderTest" assertions="1" time="0.023865"/>
        <testcase name="`FieldBuilder` → it generates string field with default" file="tests/Unit/Support/FieldBuilderTest.php::`FieldBuilder` → it generates string field with default" class="Tests\Unit\Support\FieldBuilderTest" classname="Tests.Unit.Support.FieldBuilderTest" assertions="1" time="0.017118"/>
        <testcase name="`FieldBuilder` → it generates decimal as string default" file="tests/Unit/Support/FieldBuilderTest.php::`FieldBuilder` → it generates decimal as string default" class="Tests\Unit\Support\FieldBuilderTest" classname="Tests.Unit.Support.FieldBuilderTest" assertions="1" time="0.016613"/>
        <testcase name="`FieldBuilder` → it generates json array" file="tests/Unit/Support/FieldBuilderTest.php::`FieldBuilder` → it generates json array" class="Tests\Unit\Support\FieldBuilderTest" classname="Tests.Unit.Support.FieldBuilderTest" assertions="1" time="0.016537"/>
      </testsuite>
      <testsuite name="Tests\Unit\Header\HeaderGeneratorRegistryTest" file="tests/Unit/Header/HeaderGeneratorRegistryTest.php" tests="1" assertions="6" errors="0" failures="0" skipped="0" time="0.032043">
        <testcase name="`HeaderGeneratorRegistry` → it calls only supported generators for the headers" file="tests/Unit/Header/HeaderGeneratorRegistryTest.php::`HeaderGeneratorRegistry` → it calls only supported generators for the headers" class="Tests\Unit\Header\HeaderGeneratorRegistryTest" classname="Tests.Unit.Header.HeaderGeneratorRegistryTest" assertions="6" time="0.032043"/>
      </testsuite>
      <testsuite name="Tests\Unit\Field\DateFieldGeneratorTest" file="tests/Unit/Field/DateFieldGeneratorTest.php" tests="5" assertions="6" errors="0" failures="0" skipped="0" time="0.095767">
        <testcase name="`DateFieldGenerator` → it generates non-nullable date field without default" file="tests/Unit/Field/DateFieldGeneratorTest.php::`DateFieldGenerator` → it generates non-nullable date field without default" class="Tests\Unit\Field\DateFieldGeneratorTest" classname="Tests.Unit.Field.DateFieldGeneratorTest" assertions="1" time="0.026320"/>
        <testcase name="`DateFieldGenerator` → it generates nullable date field with null default" file="tests/Unit/Field/DateFieldGeneratorTest.php::`DateFieldGenerator` → it generates nullable date field with null default" class="Tests\Unit\Field\DateFieldGeneratorTest" classname="Tests.Unit.Field.DateFieldGeneratorTest" assertions="1" time="0.019454"/>
        <testcase name="`DateFieldGenerator` → it supports date type" file="tests/Unit/Field/DateFieldGeneratorTest.php::`DateFieldGenerator` → it supports date type" class="Tests\Unit\Field\DateFieldGeneratorTest" classname="Tests.Unit.Field.DateFieldGeneratorTest" assertions="2" time="0.016870"/>
        <testcase name="`DateFieldGenerator` → it handles explicit null default for date" file="tests/Unit/Field/DateFieldGeneratorTest.php::`DateFieldGenerator` → it handles explicit null default for date" class="Tests\Unit\Field\DateFieldGeneratorTest" classname="Tests.Unit.Field.DateFieldGeneratorTest" assertions="1" time="0.016504"/>
        <testcase name="`DateFieldGenerator` → it ignores string default value for date" file="tests/Unit/Field/DateFieldGeneratorTest.php::`DateFieldGenerator` → it ignores string default value for date" class="Tests\Unit\Field\DateFieldGeneratorTest" classname="Tests.Unit.Field.DateFieldGeneratorTest" assertions="1" time="0.016618"/>
      </testsuite>
      <testsuite name="Tests\Unit\Field\JsonFieldGeneratorTest" file="tests/Unit/Field/JsonFieldGeneratorTest.php" tests="3" assertions="5" errors="0" failures="0" skipped="0" time="0.087607">
        <testcase name="`JsonFieldGenerator` → it generates nullable json field with null default" file="tests/Unit/Field/JsonFieldGeneratorTest.php::`JsonFieldGenerator` → it generates nullable json field with null default" class="Tests\Unit\Field\JsonFieldGeneratorTest" classname="Tests.Unit.Field.JsonFieldGeneratorTest" assertions="1" time="0.033816"/>
        <testcase name="`JsonFieldGenerator` → it generates json field with default value" file="tests/Unit/Field/JsonFieldGeneratorTest.php::`JsonFieldGenerator` → it generates json field with default value" class="Tests\Unit\Field\JsonFieldGeneratorTest" classname="Tests.Unit.Field.JsonFieldGeneratorTest" assertions="2" time="0.028478"/>
        <testcase name="`JsonFieldGenerator` → it supports json type" file="tests/Unit/Field/JsonFieldGeneratorTest.php::`JsonFieldGenerator` → it supports json type" class="Tests\Unit\Field\JsonFieldGeneratorTest" classname="Tests.Unit.Field.JsonFieldGeneratorTest" assertions="2" time="0.025313"/>
      </testsuite>
      <testsuite name="Tests\Unit\Field\UuidFieldGeneratorTest" file="tests/Unit/Field/UuidFieldGeneratorTest.php" tests="3" assertions="5" errors="0" failures="0" skipped="0" time="0.062261">
        <testcase name="`UuidFieldGenerator` → it supports uuid type" file="tests/Unit/Field/UuidFieldGeneratorTest.php::`UuidFieldGenerator` → it supports uuid type" class="Tests\Unit\Field\UuidFieldGeneratorTest" classname="Tests.Unit.Field.UuidFieldGeneratorTest" assertions="2" time="0.027278"/>
        <testcase name="`UuidFieldGenerator` → it generates nullable uuid field with null default" file="tests/Unit/Field/UuidFieldGeneratorTest.php::`UuidFieldGenerator` → it generates nullable uuid field with null default" class="Tests\Unit\Field\UuidFieldGeneratorTest" classname="Tests.Unit.Field.UuidFieldGeneratorTest" assertions="1" time="0.017515"/>
        <testcase name="`UuidFieldGenerator` → it generates uuid field with default value" file="tests/Unit/Field/UuidFieldGeneratorTest.php::`UuidFieldGenerator` → it generates uuid field with default value" class="Tests\Unit\Field\UuidFieldGeneratorTest" classname="Tests.Unit.Field.UuidFieldGeneratorTest" assertions="2" time="0.017468"/>
      </testsuite>
      <testsuite name="Tests\Unit\Relation\BelongsToRelationGeneratorTest" file="tests/Unit/Relation/BelongsToRelationGeneratorTest.php" tests="6" assertions="9" errors="0" failures="0" skipped="0" time="0.113683">
        <testcase name="`BelongsToRelationGenerator` → it generates a belongsTo relation with empty dto string" file="tests/Unit/Relation/BelongsToRelationGeneratorTest.php::`BelongsToRelationGenerator` → it generates a belongsTo relation with empty dto string" class="Tests\Unit\Relation\BelongsToRelationGeneratorTest" classname="Tests.Unit.Relation.BelongsToRelationGeneratorTest" assertions="1" time="0.028924"/>
        <testcase name="`BelongsToRelationGenerator` → it generates a belongsTo relation with null dto" file="tests/Unit/Relation/BelongsToRelationGeneratorTest.php::`BelongsToRelationGenerator` → it generates a belongsTo relation with null dto" class="Tests\Unit\Relation\BelongsToRelationGeneratorTest" classname="Tests.Unit.Relation.BelongsToRelationGeneratorTest" assertions="1" time="0.017341"/>
        <testcase name="`BelongsToRelationGenerator` → it generates a belongsTo relation with default class when dto is missing" file="tests/Unit/Relation/BelongsToRelationGeneratorTest.php::`BelongsToRelationGenerator` → it generates a belongsTo relation with default class when dto is missing" class="Tests\Unit\Relation\BelongsToRelationGeneratorTest" classname="Tests.Unit.Relation.BelongsToRelationGeneratorTest" assertions="1" time="0.016763"/>
        <testcase name="`BelongsToRelationGenerator` → it generates a belongsTo relation with simple dto name" file="tests/Unit/Relation/BelongsToRelationGeneratorTest.php::`BelongsToRelationGenerator` → it generates a belongsTo relation with simple dto name" class="Tests\Unit\Relation\BelongsToRelationGeneratorTest" classname="Tests.Unit.Relation.BelongsToRelationGeneratorTest" assertions="1" time="0.016798"/>
        <testcase name="`BelongsToRelationGenerator` → it supports only the belongsTo type" file="tests/Unit/Relation/BelongsToRelationGeneratorTest.php::`BelongsToRelationGenerator` → it supports only the belongsTo type" class="Tests\Unit\Relation\BelongsToRelationGeneratorTest" classname="Tests.Unit.Relation.BelongsToRelationGeneratorTest" assertions="4" time="0.017098"/>
        <testcase name="`BelongsToRelationGenerator` → it generates a belongsTo relation with full dto class" file="tests/Unit/Relation/BelongsToRelationGeneratorTest.php::`BelongsToRelationGenerator` → it generates a belongsTo relation with full dto class" class="Tests\Unit\Relation\BelongsToRelationGeneratorTest" classname="Tests.Unit.Relation.BelongsToRelationGeneratorTest" assertions="1" time="0.016760"/>
      </testsuite>
      <testsuite name="Tests\Unit\Field\IntegerFieldGeneratorTest" file="tests/Unit/Field/IntegerFieldGeneratorTest.php" tests="1" assertions="6" errors="0" failures="0" skipped="0" time="0.033956">
        <testcase name="`IntegerFieldGenerator` → it generates integer fields correctly" file="tests/Unit/Field/IntegerFieldGeneratorTest.php::`IntegerFieldGenerator` → it generates integer fields correctly" class="Tests\Unit\Field\IntegerFieldGeneratorTest" classname="Tests.Unit.Field.IntegerFieldGeneratorTest" assertions="6" time="0.033956"/>
      </testsuite>
      <testsuite name="Tests\Unit\Validator\UuidValidatorGeneratorTest" file="tests/Unit/Validator/UuidValidatorGeneratorTest.php" tests="3" assertions="4" errors="0" failures="0" skipped="0" time="0.070047">
        <testcase name="`UuidValidatorGenerator` → it supports uuid type" file="tests/Unit/Validator/UuidValidatorGeneratorTest.php::`UuidValidatorGenerator` → it supports uuid type" class="Tests\Unit\Validator\UuidValidatorGeneratorTest" classname="Tests.Unit.Validator.UuidValidatorGeneratorTest" assertions="2" time="0.024934"/>
        <testcase name="`UuidValidatorGenerator` → it returns only uuid rule when no extras given" file="tests/Unit/Validator/UuidValidatorGeneratorTest.php::`UuidValidatorGenerator` → it returns only uuid rule when no extras given" class="Tests\Unit\Validator\UuidValidatorGeneratorTest" classname="Tests.Unit.Validator.UuidValidatorGeneratorTest" assertions="1" time="0.022475"/>
        <testcase name="`UuidValidatorGenerator` → it generates uuid rule with required" file="tests/Unit/Validator/UuidValidatorGeneratorTest.php::`UuidValidatorGenerator` → it generates uuid rule with required" class="Tests\Unit\Validator\UuidValidatorGeneratorTest" classname="Tests.Unit.Validator.UuidValidatorGeneratorTest" assertions="1" time="0.022638"/>
      </testsuite>
      <testsuite name="Tests\Unit\Header\ModelHeaderGeneratorTest" file="tests/Unit/Header/ModelHeaderGeneratorTest.php" tests="4" assertions="4" errors="0" failures="0" skipped="0" time="0.081151">
        <testcase name="`ModelHeaderGenerator` → it trims backslashes from model header" file="tests/Unit/Header/ModelHeaderGeneratorTest.php::`ModelHeaderGenerator` → it trims backslashes from model header" class="Tests\Unit\Header\ModelHeaderGeneratorTest" classname="Tests.Unit.Header.ModelHeaderGeneratorTest" assertions="1" time="0.030161"/>
        <testcase name="`ModelHeaderGenerator` → it returns null if model header is not a string" file="tests/Unit/Header/ModelHeaderGeneratorTest.php::`ModelHeaderGenerator` → it returns null if model header is not a string" class="Tests\Unit\Header\ModelHeaderGeneratorTest" classname="Tests.Unit.Header.ModelHeaderGeneratorTest" assertions="1" time="0.017965"/>
        <testcase name="`ModelHeaderGenerator` → it returns null if model header is missing" file="tests/Unit/Header/ModelHeaderGeneratorTest.php::`ModelHeaderGenerator` → it returns null if model header is missing" class="Tests\Unit\Header\ModelHeaderGeneratorTest" classname="Tests.Unit.Header.ModelHeaderGeneratorTest" assertions="1" time="0.016530"/>
        <testcase name="`ModelHeaderGenerator` → it generates use statement from model header" file="tests/Unit/Header/ModelHeaderGeneratorTest.php::`ModelHeaderGenerator` → it generates use statement from model header" class="Tests\Unit\Header\ModelHeaderGeneratorTest" classname="Tests.Unit.Header.ModelHeaderGeneratorTest" assertions="1" time="0.016495"/>
      </testsuite>
      <testsuite name="Tests\Unit\Relation\BelongsToManyRelationGeneratorTest" file="tests/Unit/Relation/BelongsToManyRelationGeneratorTest.php" tests="4" assertions="9" errors="0" failures="0" skipped="0" time="0.079456">
        <testcase name="`BelongsToManyRelationGenerator` → it supports only belongsToMany type" file="tests/Unit/Relation/BelongsToManyRelationGeneratorTest.php::`BelongsToManyRelationGenerator` → it supports only belongsToMany type" class="Tests\Unit\Relation\BelongsToManyRelationGeneratorTest" classname="Tests.Unit.Relation.BelongsToManyRelationGeneratorTest" assertions="3" time="0.028849"/>
        <testcase name="`BelongsToManyRelationGenerator` → it generates a belongsToMany relation with full dto class" file="tests/Unit/Relation/BelongsToManyRelationGeneratorTest.php::`BelongsToManyRelationGenerator` → it generates a belongsToMany relation with full dto class" class="Tests\Unit\Relation\BelongsToManyRelationGeneratorTest" classname="Tests.Unit.Relation.BelongsToManyRelationGeneratorTest" assertions="2" time="0.017259"/>
        <testcase name="`BelongsToManyRelationGenerator` → it generates a belongsToMany relation with missing dto" file="tests/Unit/Relation/BelongsToManyRelationGeneratorTest.php::`BelongsToManyRelationGenerator` → it generates a belongsToMany relation with missing dto" class="Tests\Unit\Relation\BelongsToManyRelationGeneratorTest" classname="Tests.Unit.Relation.BelongsToManyRelationGeneratorTest" assertions="2" time="0.016712"/>
        <testcase name="`BelongsToManyRelationGenerator` → it generates a belongsToMany relation with simple dto name" file="tests/Unit/Relation/BelongsToManyRelationGeneratorTest.php::`BelongsToManyRelationGenerator` → it generates a belongsToMany relation with simple dto name" class="Tests\Unit\Relation\BelongsToManyRelationGeneratorTest" classname="Tests.Unit.Relation.BelongsToManyRelationGeneratorTest" assertions="2" time="0.016636"/>
      </testsuite>
      <testsuite name="Tests\Unit\Field\DateTimeFieldGeneratorTest" file="tests/Unit/Field/DateTimeFieldGeneratorTest.php" tests="5" assertions="6" errors="0" failures="0" skipped="0" time="0.098260">
        <testcase name="`DateTimeFieldGenerator` → it ignores string default value for datetime" file="tests/Unit/Field/DateTimeFieldGeneratorTest.php::`DateTimeFieldGenerator` → it ignores string default value for datetime" class="Tests\Unit\Field\DateTimeFieldGeneratorTest" classname="Tests.Unit.Field.DateTimeFieldGeneratorTest" assertions="1" time="0.029402"/>
        <testcase name="`DateTimeFieldGenerator` → it generates non-nullable datetime field without default" file="tests/Unit/Field/DateTimeFieldGeneratorTest.php::`DateTimeFieldGenerator` → it generates non-nullable datetime field without default" class="Tests\Unit\Field\DateTimeFieldGeneratorTest" classname="Tests.Unit.Field.DateTimeFieldGeneratorTest" assertions="1" time="0.017398"/>
        <testcase name="`DateTimeFieldGenerator` → it generates nullable datetime field with null default" file="tests/Unit/Field/DateTimeFieldGeneratorTest.php::`DateTimeFieldGenerator` → it generates nullable datetime field with null default" class="Tests\Unit\Field\DateTimeFieldGeneratorTest" classname="Tests.Unit.Field.DateTimeFieldGeneratorTest" assertions="1" time="0.016963"/>
        <testcase name="`DateTimeFieldGenerator` → it supports datetime type" file="tests/Unit/Field/DateTimeFieldGeneratorTest.php::`DateTimeFieldGenerator` → it supports datetime type" class="Tests\Unit\Field\DateTimeFieldGeneratorTest" classname="Tests.Unit.Field.DateTimeFieldGeneratorTest" assertions="2" time="0.017452"/>
        <testcase name="`DateTimeFieldGenerator` → it handles explicit null default for datetime" file="tests/Unit/Field/DateTimeFieldGeneratorTest.php::`DateTimeFieldGenerator` → it handles explicit null default for datetime" class="Tests\Unit\Field\DateTimeFieldGeneratorTest" classname="Tests.Unit.Field.DateTimeFieldGeneratorTest" assertions="1" time="0.017045"/>
      </testsuite>
      <testsuite name="Tests\Unit\Generator\HeaderGeneratorRegistryTest" file="tests/Unit/Generator/HeaderGeneratorRegistryTest.php" tests="2" assertions="3" errors="0" failures="0" skipped="0" time="0.058478">
        <testcase name="`HeaderGeneratorRegistry` → it throws exception when invalid generator is provided" file="tests/Unit/Generator/HeaderGeneratorRegistryTest.php::`HeaderGeneratorRegistry` → it throws exception when invalid generator is provided" class="Tests\Unit\Generator\HeaderGeneratorRegistryTest" classname="Tests.Unit.Generator.HeaderGeneratorRegistryTest" assertions="2" time="0.032498"/>
        <testcase name="`HeaderGeneratorRegistry` → it accepts valid generators" file="tests/Unit/Generator/HeaderGeneratorRegistryTest.php::`HeaderGeneratorRegistry` → it accepts valid generators" class="Tests\Unit\Generator\HeaderGeneratorRegistryTest" classname="Tests.Unit.Generator.HeaderGeneratorRegistryTest" assertions="1" time="0.025980"/>
      </testsuite>
      <testsuite name="Tests\Unit\Validator\ArrayValidatorGeneratorTest" file="tests/Unit/Validator/ArrayValidatorGeneratorTest.php" tests="3" assertions="5" errors="0" failures="0" skipped="0" time="0.062296">
        <testcase name="`ArrayValidatorGenerator` → it supports array and json types" file="tests/Unit/Validator/ArrayValidatorGeneratorTest.php::`ArrayValidatorGenerator` → it supports array and json types" class="Tests\Unit\Validator\ArrayValidatorGeneratorTest" classname="Tests.Unit.Validator.ArrayValidatorGeneratorTest" assertions="3" time="0.026358"/>
        <testcase name="`ArrayValidatorGenerator` → it returns only array rule when no extras given" file="tests/Unit/Validator/ArrayValidatorGeneratorTest.php::`ArrayValidatorGenerator` → it returns only array rule when no extras given" class="Tests\Unit\Validator\ArrayValidatorGeneratorTest" classname="Tests.Unit.Validator.ArrayValidatorGeneratorTest" assertions="1" time="0.018803"/>
        <testcase name="`ArrayValidatorGenerator` → it generates array rule with required" file="tests/Unit/Validator/ArrayValidatorGeneratorTest.php::`ArrayValidatorGenerator` → it generates array rule with required" class="Tests\Unit\Validator\ArrayValidatorGeneratorTest" classname="Tests.Unit.Validator.ArrayValidatorGeneratorTest" assertions="1" time="0.017135"/>
      </testsuite>
      <testsuite name="Tests\Unit\Header\DtoHeaderGeneratorTest" file="tests/Unit/Header/DtoHeaderGeneratorTest.php" tests="2" assertions="2" errors="0" failures="0" skipped="0" time="0.045738">
        <testcase name="`DtoHeaderGenerator` → it generates class name from dto header" file="tests/Unit/Header/DtoHeaderGeneratorTest.php::`DtoHeaderGenerator` → it generates class name from dto header" class="Tests\Unit\Header\DtoHeaderGeneratorTest" classname="Tests.Unit.Header.DtoHeaderGeneratorTest" assertions="1" time="0.028492"/>
        <testcase name="`DtoHeaderGenerator` → it falls back to DTO name if dto header is missing" file="tests/Unit/Header/DtoHeaderGeneratorTest.php::`DtoHeaderGenerator` → it falls back to DTO name if dto header is missing" class="Tests\Unit\Header\DtoHeaderGeneratorTest" classname="Tests.Unit.Header.DtoHeaderGeneratorTest" assertions="1" time="0.017246"/>
      </testsuite>
      <testsuite name="Tests\Unit\Field\StringFieldGeneratorTest" file="tests/Unit/Field/StringFieldGeneratorTest.php" tests="1" assertions="4" errors="0" failures="0" skipped="0" time="0.026590">
        <testcase name="`StringFieldGenerator` → it generates string fields correctly" file="tests/Unit/Field/StringFieldGeneratorTest.php::`StringFieldGenerator` → it generates string fields correctly" class="Tests\Unit\Field\StringFieldGeneratorTest" classname="Tests.Unit.Field.StringFieldGeneratorTest" assertions="4" time="0.026590"/>
      </testsuite>
      <testsuite name="Tests\Unit\Validator\IntegerValidatorGeneratorTest" file="tests/Unit/Validator/IntegerValidatorGeneratorTest.php" tests="3" assertions="4" errors="0" failures="0" skipped="0" time="0.058540">
        <testcase name="`IntegerValidatorGenerator` → it supports integer type" file="tests/Unit/Validator/IntegerValidatorGeneratorTest.php::`IntegerValidatorGenerator` → it supports integer type" class="Tests\Unit\Validator\IntegerValidatorGeneratorTest" classname="Tests.Unit.Validator.IntegerValidatorGeneratorTest" assertions="2" time="0.022720"/>
        <testcase name="`IntegerValidatorGenerator` → it returns only integer rule when no extras given" file="tests/Unit/Validator/IntegerValidatorGeneratorTest.php::`IntegerValidatorGenerator` → it returns only integer rule when no extras given" class="Tests\Unit\Validator\IntegerValidatorGeneratorTest" classname="Tests.Unit.Validator.IntegerValidatorGeneratorTest" assertions="1" time="0.018519"/>
        <testcase name="`IntegerValidatorGenerator` → it generates integer rule with required and custom rules" file="tests/Unit/Validator/IntegerValidatorGeneratorTest.php::`IntegerValidatorGenerator` → it generates integer rule with required and custom rules" class="Tests\Unit\Validator\IntegerValidatorGeneratorTest" classname="Tests.Unit.Validator.IntegerValidatorGeneratorTest" assertions="1" time="0.017302"/>
      </testsuite>
      <testsuite name="Tests\Unit\Field\TimeFieldGeneratorTest" file="tests/Unit/Field/TimeFieldGeneratorTest.php" tests="2" assertions="3" errors="0" failures="0" skipped="0" time="0.045740">
        <testcase name="`TimeFieldGenerator` → it generates nullable time field with null default" file="tests/Unit/Field/TimeFieldGeneratorTest.php::`TimeFieldGenerator` → it generates nullable time field with null default" class="Tests\Unit\Field\TimeFieldGeneratorTest" classname="Tests.Unit.Field.TimeFieldGeneratorTest" assertions="1" time="0.028574"/>
        <testcase name="`TimeFieldGenerator` → it supports time type" file="tests/Unit/Field/TimeFieldGeneratorTest.php::`TimeFieldGenerator` → it supports time type" class="Tests\Unit\Field\TimeFieldGeneratorTest" classname="Tests.Unit.Field.TimeFieldGeneratorTest" assertions="2" time="0.017166"/>
      </testsuite>
      <testsuite name="Tests\Unit\Generator\DtoTemplateRendererTest" file="tests/Unit/Generator/DtoTemplateRendererTest.php" tests="5" assertions="21" errors="0" failures="0" skipped="0" time="0.092594">
        <testcase name="`DtoTemplateRenderer` → it can render only toArray method" file="tests/Unit/Generator/DtoTemplateRendererTest.php::`DtoTemplateRenderer` → it can render only toArray method" class="Tests\Unit\Generator\DtoTemplateRendererTest" classname="Tests.Unit.Generator.DtoTemplateRendererTest" assertions="3" time="0.026504"/>
        <testcase name="`DtoTemplateRenderer` → it can render a full DTO class from definition" file="tests/Unit/Generator/DtoTemplateRendererTest.php::`DtoTemplateRenderer` → it can render a full DTO class from definition" class="Tests\Unit\Generator\DtoTemplateRendererTest" classname="Tests.Unit.Generator.DtoTemplateRendererTest" assertions="7" time="0.016749"/>
        <testcase name="`DtoTemplateRenderer` → it can handle nullable and array types in renderFullDto" file="tests/Unit/Generator/DtoTemplateRendererTest.php::`DtoTemplateRenderer` → it can handle nullable and array types in renderFullDto" class="Tests\Unit\Generator\DtoTemplateRendererTest" classname="Tests.Unit.Generator.DtoTemplateRendererTest" assertions="4" time="0.016442"/>
        <testcase name="`DtoTemplateRenderer` → it can render datetime fields using Carbon type" file="tests/Unit/Generator/DtoTemplateRendererTest.php::`DtoTemplateRenderer` → it can render datetime fields using Carbon type" class="Tests\Unit\Generator\DtoTemplateRendererTest" classname="Tests.Unit.Generator.DtoTemplateRendererTest" assertions="4" time="0.016458"/>
        <testcase name="`DtoTemplateRenderer` → it can render only fromModel method" file="tests/Unit/Generator/DtoTemplateRendererTest.php::`DtoTemplateRenderer` → it can render only fromModel method" class="Tests\Unit\Generator\DtoTemplateRendererTest" classname="Tests.Unit.Generator.DtoTemplateRendererTest" assertions="3" time="0.016441"/>
      </testsuite>
      <testsuite name="Tests\Unit\Validator\ValidatorGeneratorRegistryTest" file="tests/Unit/Validator/ValidatorGeneratorRegistryTest.php" tests="5" assertions="6" errors="0" failures="0" skipped="0" time="0.098685">
        <testcase name="`ValidatorGeneratorRegistry` → it returns empty array when no generator supports the type" file="tests/Unit/Validator/ValidatorGeneratorRegistryTest.php::`ValidatorGeneratorRegistry` → it returns empty array when no generator supports the type" class="Tests\Unit\Validator\ValidatorGeneratorRegistryTest" classname="Tests.Unit.Validator.ValidatorGeneratorRegistryTest" assertions="1" time="0.032040"/>
        <testcase name="`ValidatorGeneratorRegistry` → it throws exception when invalid generator is provided" file="tests/Unit/Validator/ValidatorGeneratorRegistryTest.php::`ValidatorGeneratorRegistry` → it throws exception when invalid generator is provided" class="Tests\Unit\Validator\ValidatorGeneratorRegistryTest" classname="Tests.Unit.Validator.ValidatorGeneratorRegistryTest" assertions="2" time="0.016120"/>
        <testcase name="`ValidatorGeneratorRegistry` → it returns rule array when generator supports the type" file="tests/Unit/Validator/ValidatorGeneratorRegistryTest.php::`ValidatorGeneratorRegistry` → it returns rule array when generator supports the type" class="Tests\Unit\Validator\ValidatorGeneratorRegistryTest" classname="Tests.Unit.Validator.ValidatorGeneratorRegistryTest" assertions="1" time="0.017014"/>
        <testcase name="`ValidatorGeneratorRegistry` → it accepts valid generators" file="tests/Unit/Validator/ValidatorGeneratorRegistryTest.php::`ValidatorGeneratorRegistry` → it accepts valid generators" class="Tests\Unit\Validator\ValidatorGeneratorRegistryTest" classname="Tests.Unit.Validator.ValidatorGeneratorRegistryTest" assertions="1" time="0.016330"/>
        <testcase name="`ValidatorGeneratorRegistry` → it uses the first matching generator when multiple support the type" file="tests/Unit/Validator/ValidatorGeneratorRegistryTest.php::`ValidatorGeneratorRegistry` → it uses the first matching generator when multiple support the type" class="Tests\Unit\Validator\ValidatorGeneratorRegistryTest" classname="Tests.Unit.Validator.ValidatorGeneratorRegistryTest" assertions="1" time="0.017181"/>
      </testsuite>
      <testsuite name="Tests\Unit\Validator\StringValidatorGeneratorTest" file="tests/Unit/Validator/StringValidatorGeneratorTest.php" tests="3" assertions="4" errors="0" failures="0" skipped="0" time="0.077008">
        <testcase name="`StringValidatorGenerator` → it returns only string rule when no extras given" file="tests/Unit/Validator/StringValidatorGeneratorTest.php::`StringValidatorGenerator` → it returns only string rule when no extras given" class="Tests\Unit\Validator\StringValidatorGeneratorTest" classname="Tests.Unit.Validator.StringValidatorGeneratorTest" assertions="1" time="0.033817"/>
        <testcase name="`StringValidatorGenerator` → it supports string type" file="tests/Unit/Validator/StringValidatorGeneratorTest.php::`StringValidatorGenerator` → it supports string type" class="Tests\Unit\Validator\StringValidatorGeneratorTest" classname="Tests.Unit.Validator.StringValidatorGeneratorTest" assertions="2" time="0.025121"/>
        <testcase name="`StringValidatorGenerator` → it generates a string rule with required and custom rules" file="tests/Unit/Validator/StringValidatorGeneratorTest.php::`StringValidatorGenerator` → it generates a string rule with required and custom rules" class="Tests\Unit\Validator\StringValidatorGeneratorTest" classname="Tests.Unit.Validator.StringValidatorGeneratorTest" assertions="1" time="0.018070"/>
      </testsuite>
      <testsuite name="Tests\Unit\Validator\EnumValidatorGeneratorTest" file="tests/Unit/Validator/EnumValidatorGeneratorTest.php" tests="4" assertions="5" errors="0" failures="0" skipped="0" time="0.079578">
        <testcase name="`EnumValidatorGenerator` → it generates a rule for enum values" file="tests/Unit/Validator/EnumValidatorGeneratorTest.php::`EnumValidatorGenerator` → it generates a rule for enum values" class="Tests\Unit\Validator\EnumValidatorGeneratorTest" classname="Tests.Unit.Validator.EnumValidatorGeneratorTest" assertions="1" time="0.029232"/>
        <testcase name="`EnumValidatorGenerator` → it supports enum type" file="tests/Unit/Validator/EnumValidatorGeneratorTest.php::`EnumValidatorGenerator` → it supports enum type" class="Tests\Unit\Validator\EnumValidatorGeneratorTest" classname="Tests.Unit.Validator.EnumValidatorGeneratorTest" assertions="2" time="0.017040"/>
        <testcase name="`EnumValidatorGenerator` → it returns empty array when no values or enum given" file="tests/Unit/Validator/EnumValidatorGeneratorTest.php::`EnumValidatorGenerator` → it returns empty array when no values or enum given" class="Tests\Unit\Validator\EnumValidatorGeneratorTest" classname="Tests.Unit.Validator.EnumValidatorGeneratorTest" assertions="1" time="0.016690"/>
        <testcase name="`EnumValidatorGenerator` → it returns rule only for in: when no extra rules given" file="tests/Unit/Validator/EnumValidatorGeneratorTest.php::`EnumValidatorGenerator` → it returns rule only for in: when no extra rules given" class="Tests\Unit\Validator\EnumValidatorGeneratorTest" classname="Tests.Unit.Validator.EnumValidatorGeneratorTest" assertions="1" time="0.016616"/>
      </testsuite>
      <testsuite name="Tests\Unit\Field\TextFieldGeneratorTest" file="tests/Unit/Field/TextFieldGeneratorTest.php" tests="3" assertions="5" errors="0" failures="0" skipped="0" time="0.063512">
        <testcase name="`TextFieldGenerator` → it supports text type" file="tests/Unit/Field/TextFieldGeneratorTest.php::`TextFieldGenerator` → it supports text type" class="Tests\Unit\Field\TextFieldGeneratorTest" classname="Tests.Unit.Field.TextFieldGeneratorTest" assertions="2" time="0.029639"/>
        <testcase name="`TextFieldGenerator` → it generates text field with default value" file="tests/Unit/Field/TextFieldGeneratorTest.php::`TextFieldGenerator` → it generates text field with default value" class="Tests\Unit\Field\TextFieldGeneratorTest" classname="Tests.Unit.Field.TextFieldGeneratorTest" assertions="2" time="0.017159"/>
        <testcase name="`TextFieldGenerator` → it generates nullable text field with null default" file="tests/Unit/Field/TextFieldGeneratorTest.php::`TextFieldGenerator` → it generates nullable text field with null default" class="Tests\Unit\Field\TextFieldGeneratorTest" classname="Tests.Unit.Field.TextFieldGeneratorTest" assertions="1" time="0.016714"/>
      </testsuite>
      <testsuite name="Tests\Unit\Support\DtoPathsTest" file="tests/Unit/Support/DtoPathsTest.php" tests="9" assertions="9" errors="0" failures="0" skipped="0" time="0.167296">
        <testcase name="`DtoPaths` → it returns dto file path" file="tests/Unit/Support/DtoPathsTest.php::`DtoPaths` → it returns dto file path" class="Tests\Unit\Support\DtoPathsTest" classname="Tests.Unit.Support.DtoPathsTest" assertions="1" time="0.029048"/>
        <testcase name="`DtoPaths` → it derives namespace from output path when manual namespace is not set" file="tests/Unit/Support/DtoPathsTest.php::`DtoPaths` → it derives namespace from output path when manual namespace is not set" class="Tests\Unit\Support\DtoPathsTest" classname="Tests.Unit.Support.DtoPathsTest" assertions="1" time="0.018559"/>
        <testcase name="`DtoPaths` → it returns configured definition directory" file="tests/Unit/Support/DtoPathsTest.php::`DtoPaths` → it returns configured definition directory" class="Tests\Unit\Support\DtoPathsTest" classname="Tests.Unit.Support.DtoPathsTest" assertions="1" time="0.017199"/>
        <testcase name="`DtoPaths` → it returns definition file path" file="tests/Unit/Support/DtoPathsTest.php::`DtoPaths` → it returns definition file path" class="Tests\Unit\Support\DtoPathsTest" classname="Tests.Unit.Support.DtoPathsTest" assertions="1" time="0.016715"/>
        <testcase name="`DtoPaths` → it returns configured output directory" file="tests/Unit/Support/DtoPathsTest.php::`DtoPaths` → it returns configured output directory" class="Tests\Unit\Support\DtoPathsTest" classname="Tests.Unit.Support.DtoPathsTest" assertions="1" time="0.016882"/>
        <testcase name="`DtoPaths` → it trims leading and trailing backslashes from manual namespace" file="tests/Unit/Support/DtoPathsTest.php::`DtoPaths` → it trims leading and trailing backslashes from manual namespace" class="Tests\Unit\Support\DtoPathsTest" classname="Tests.Unit.Support.DtoPathsTest" assertions="1" time="0.016738"/>
        <testcase name="`DtoPaths` → it returns default output directory when config is not set" file="tests/Unit/Support/DtoPathsTest.php::`DtoPaths` → it returns default output directory when config is not set" class="Tests\Unit\Support\DtoPathsTest" classname="Tests.Unit.Support.DtoPathsTest" assertions="1" time="0.017494"/>
        <testcase name="`DtoPaths` → it returns default definition directory when config is not set" file="tests/Unit/Support/DtoPathsTest.php::`DtoPaths` → it returns default definition directory when config is not set" class="Tests\Unit\Support\DtoPathsTest" classname="Tests.Unit.Support.DtoPathsTest" assertions="1" time="0.017311"/>
        <testcase name="`DtoPaths` → it returns manual namespace when configured" file="tests/Unit/Support/DtoPathsTest.php::`DtoPaths` → it returns manual namespace when configured" class="Tests\Unit\Support\DtoPathsTest" classname="Tests.Unit.Support.DtoPathsTest" assertions="1" time="0.017349"/>
      </testsuite>
      <testsuite name="Tests\Unit\Console\DtoDefinitionListCommandTest" file="tests/Unit/Console/DtoDefinitionListCommandTest.php" tests="4" assertions="4" errors="0" failures="0" skipped="0" time="0.108285">
        <testcase name="`DtoDefinitionListCommand` → it fails when directory does not exist" file="tests/Unit/Console/DtoDefinitionListCommandTest.php::`DtoDefinitionListCommand` → it fails when directory does not exist" class="Tests\Unit\Console\DtoDefinitionListCommandTest" classname="Tests.Unit.Console.DtoDefinitionListCommandTest" assertions="1" time="0.037371"/>
        <testcase name="`DtoDefinitionListCommand` → it lists yaml files with compact option" file="tests/Unit/Console/DtoDefinitionListCommandTest.php::`DtoDefinitionListCommand` → it lists yaml files with compact option" class="Tests\Unit\Console\DtoDefinitionListCommandTest" classname="Tests.Unit.Console.DtoDefinitionListCommandTest" assertions="1" time="0.029708"/>
        <testcase name="`DtoDefinitionListCommand` → it lists yaml files with full details" file="tests/Unit/Console/DtoDefinitionListCommandTest.php::`DtoDefinitionListCommand` → it lists yaml files with full details" class="Tests\Unit\Console\DtoDefinitionListCommandTest" classname="Tests.Unit.Console.DtoDefinitionListCommandTest" assertions="1" time="0.021466"/>
        <testcase name="`DtoDefinitionListCommand` → it shows warning when no yaml files are found" file="tests/Unit/Console/DtoDefinitionListCommandTest.php::`DtoDefinitionListCommand` → it shows warning when no yaml files are found" class="Tests\Unit\Console\DtoDefinitionListCommandTest" classname="Tests.Unit.Console.DtoDefinitionListCommandTest" assertions="1" time="0.019740"/>
      </testsuite>
      <testsuite name="Tests\Unit\Relation\HasOneRelationGeneratorTest" file="tests/Unit/Relation/HasOneRelationGeneratorTest.php" tests="2" assertions="2" errors="0" failures="0" skipped="0" time="0.049209">
        <testcase name="`HasOneRelationGenerator` → it generates a hasOne relation with simple dto name" file="tests/Unit/Relation/HasOneRelationGeneratorTest.php::`HasOneRelationGenerator` → it generates a hasOne relation with simple dto name" class="Tests\Unit\Relation\HasOneRelationGeneratorTest" classname="Tests.Unit.Relation.HasOneRelationGeneratorTest" assertions="1" time="0.031979"/>
        <testcase name="`HasOneRelationGenerator` → it generates a hasOne relation with full dto class" file="tests/Unit/Relation/HasOneRelationGeneratorTest.php::`HasOneRelationGenerator` → it generates a hasOne relation with full dto class" class="Tests\Unit\Relation\HasOneRelationGeneratorTest" classname="Tests.Unit.Relation.HasOneRelationGeneratorTest" assertions="1" time="0.017230"/>
      </testsuite>
      <testsuite name="Tests\Unit\Relation\RelationGeneratorRegistryTest" file="tests/Unit/Relation/RelationGeneratorRegistryTest.php" tests="6" assertions="8" errors="0" failures="0" skipped="0" time="0.113312">
        <testcase name="`RelationGeneratorRegistry` → it returns null if no generator supports the relation type" file="tests/Unit/Relation/RelationGeneratorRegistryTest.php::`RelationGeneratorRegistry` → it returns null if no generator supports the relation type" class="Tests\Unit\Relation\RelationGeneratorRegistryTest" classname="Tests.Unit.Relation.RelationGeneratorRegistryTest" assertions="1" time="0.027128"/>
        <testcase name="`RelationGeneratorRegistry` → it delegates to the correct hasMany relation generator" file="tests/Unit/Relation/RelationGeneratorRegistryTest.php::`RelationGeneratorRegistry` → it delegates to the correct hasMany relation generator" class="Tests\Unit\Relation\RelationGeneratorRegistryTest" classname="Tests.Unit.Relation.RelationGeneratorRegistryTest" assertions="2" time="0.018957"/>
        <testcase name="`RelationGeneratorRegistry` → it returns null when no relation type is provided" file="tests/Unit/Relation/RelationGeneratorRegistryTest.php::`RelationGeneratorRegistry` → it returns null when no relation type is provided" class="Tests\Unit\Relation\RelationGeneratorRegistryTest" classname="Tests.Unit.Relation.RelationGeneratorRegistryTest" assertions="1" time="0.017018"/>
        <testcase name="`RelationGeneratorRegistry` → it delegates to the correct hasOne relation generator" file="tests/Unit/Relation/RelationGeneratorRegistryTest.php::`RelationGeneratorRegistry` → it delegates to the correct hasOne relation generator" class="Tests\Unit\Relation\RelationGeneratorRegistryTest" classname="Tests.Unit.Relation.RelationGeneratorRegistryTest" assertions="1" time="0.016728"/>
        <testcase name="`RelationGeneratorRegistry` → it throws an exception if a generator does not implement the RelationGenerator interface" file="tests/Unit/Relation/RelationGeneratorRegistryTest.php::`RelationGeneratorRegistry` → it throws an exception if a generator does not implement the RelationGenerator interface" class="Tests\Unit\Relation\RelationGeneratorRegistryTest" classname="Tests.Unit.Relation.RelationGeneratorRegistryTest" assertions="2" time="0.016690"/>
        <testcase name="`RelationGeneratorRegistry` → it uses the first matching generator if multiple support the same type" file="tests/Unit/Relation/RelationGeneratorRegistryTest.php::`RelationGeneratorRegistry` → it uses the first matching generator if multiple support the same type" class="Tests\Unit\Relation\RelationGeneratorRegistryTest" classname="Tests.Unit.Relation.RelationGeneratorRegistryTest" assertions="1" time="0.016792"/>
      </testsuite>
      <testsuite name="Tests\Unit\Field\IdFieldGeneratorTest" file="tests/Unit/Field/IdFieldGeneratorTest.php" tests="3" assertions="5" errors="0" failures="0" skipped="0" time="0.073778">
        <testcase name="`IdFieldGenerator` → it generates nullable id field with null default" file="tests/Unit/Field/IdFieldGeneratorTest.php::`IdFieldGenerator` → it generates nullable id field with null default" class="Tests\Unit\Field\IdFieldGeneratorTest" classname="Tests.Unit.Field.IdFieldGeneratorTest" assertions="1" time="0.033686"/>
        <testcase name="`IdFieldGenerator` → it generates id field with default value" file="tests/Unit/Field/IdFieldGeneratorTest.php::`IdFieldGenerator` → it generates id field with default value" class="Tests\Unit\Field\IdFieldGeneratorTest" classname="Tests.Unit.Field.IdFieldGeneratorTest" assertions="2" time="0.023103"/>
        <testcase name="`IdFieldGenerator` → it supports id type" file="tests/Unit/Field/IdFieldGeneratorTest.php::`IdFieldGenerator` → it supports id type" class="Tests\Unit\Field\IdFieldGeneratorTest" classname="Tests.Unit.Field.IdFieldGeneratorTest" assertions="2" time="0.016988"/>
      </testsuite>
    </testsuite>
    <testsuite name="Feature" tests="7" assertions="26" errors="0" failures="0" skipped="0" time="0.157566">
      <testsuite name="Tests\Feature\DtoDefinitionCommandsTest" file="tests/Feature/DtoDefinitionCommandsTest.php" tests="2" assertions="11" errors="0" failures="0" skipped="0" time="0.055604">
        <testcase name="it lists the generated YAML file with dto:definition-list" file="tests/Feature/DtoDefinitionCommandsTest.php::it lists the generated YAML file with dto:definition-list" class="Tests\Feature\DtoDefinitionCommandsTest" classname="Tests.Feature.DtoDefinitionCommandsTest" assertions="3" time="0.034981"/>
        <testcase name="it creates a YAML DTO definition file with dto:definition-init" file="tests/Feature/DtoDefinitionCommandsTest.php::it creates a YAML DTO definition file with dto:definition-init" class="Tests\Feature\DtoDefinitionCommandsTest" classname="Tests.Feature.DtoDefinitionCommandsTest" assertions="8" time="0.020623"/>
      </testsuite>
      <testsuite name="Tests\Feature\DtoGeneratorFromYamlTest" file="tests/Feature/DtoGeneratorFromYamlTest.php" tests="1" assertions="8" errors="0" failures="0" skipped="0" time="0.025082">
        <testcase name="it can generate full DTO class from YAML definition" file="tests/Feature/DtoGeneratorFromYamlTest.php::it can generate full DTO class from YAML definition" class="Tests\Feature\DtoGeneratorFromYamlTest" classname="Tests.Feature.DtoGeneratorFromYamlTest" assertions="8" time="0.025082"/>
      </testsuite>
      <testsuite name="Tests\Feature\ConfigTest" file="tests/Feature/ConfigTest.php" tests="4" assertions="7" errors="0" failures="0" skipped="0" time="0.076880">
        <testcase name="`Config` → it can resolve paths via DtoPaths helper" file="tests/Feature/ConfigTest.php::`Config` → it can resolve paths via DtoPaths helper" class="Tests\Feature\ConfigTest" classname="Tests.Feature.ConfigTest" assertions="2" time="0.018590"/>
        <testcase name="`Config` → it automatically infers namespace from output path" file="tests/Feature/ConfigTest.php::`Config` → it automatically infers namespace from output path" class="Tests\Feature\ConfigTest" classname="Tests.Feature.ConfigTest" assertions="1" time="0.023758"/>
        <testcase name="`Config` → it loads the dto configuration correctly" file="tests/Feature/ConfigTest.php::`Config` → it loads the dto configuration correctly" class="Tests\Feature\ConfigTest" classname="Tests.Feature.ConfigTest" assertions="3" time="0.017316"/>
        <testcase name="`Config` → it allows manual override of namespace via config" file="tests/Feature/ConfigTest.php::`Config` → it allows manual override of namespace via config" class="Tests\Feature\ConfigTest" classname="Tests.Feature.ConfigTest" assertions="1" time="0.017215"/>
      </testsuite>
    </testsuite>
  </testsuite>
</testsuites>
